{"src/chinchilla.js":{"path":"src/chinchilla.js","s":{"1":1,"2":1,"3":1,"4":0,"5":0,"6":0,"7":1,"8":1,"9":0,"10":0,"11":0,"12":0,"13":1,"14":0,"15":0,"16":0,"17":0,"18":0,"19":0,"20":0,"21":0,"22":0,"23":0,"24":0,"25":0,"26":0,"27":0,"28":0,"29":1},"b":{"1":[1,0],"2":[1,1],"3":[0,0],"4":[0,0],"5":[0,0]},"f":{"1":1,"2":1,"3":0,"4":0,"5":0,"6":0,"7":0,"8":0,"9":0,"10":0,"11":0,"12":0,"13":0},"fnMap":{"1":{"name":"(anonymous_1)","line":25,"loc":{"start":{"line":25,"column":1},"end":{"line":25,"column":26}}},"2":{"name":"(anonymous_2)","line":41,"loc":{"start":{"line":41,"column":8},"end":{"line":41,"column":28}}},"3":{"name":"(anonymous_3)","line":47,"loc":{"start":{"line":47,"column":13},"end":{"line":47,"column":24}}},"4":{"name":"(anonymous_4)","line":53,"loc":{"start":{"line":53,"column":14},"end":{"line":53,"column":29}}},"5":{"name":"(anonymous_5)","line":66,"loc":{"start":{"line":66,"column":19},"end":{"line":66,"column":46}}},"6":{"name":"(anonymous_6)","line":69,"loc":{"start":{"line":69,"column":22},"end":{"line":69,"column":38}}},"7":{"name":"(anonymous_7)","line":72,"loc":{"start":{"line":72,"column":19},"end":{"line":72,"column":35}}},"8":{"name":"(anonymous_8)","line":75,"loc":{"start":{"line":75,"column":25},"end":{"line":75,"column":36}}},"9":{"name":"(anonymous_9)","line":86,"loc":{"start":{"line":86,"column":19},"end":{"line":86,"column":46}}},"10":{"name":"(anonymous_10)","line":91,"loc":{"start":{"line":91,"column":47},"end":{"line":91,"column":59}}},"11":{"name":"(anonymous_11)","line":108,"loc":{"start":{"line":108,"column":22},"end":{"line":108,"column":38}}},"12":{"name":"(anonymous_12)","line":124,"loc":{"start":{"line":124,"column":19},"end":{"line":124,"column":35}}},"13":{"name":"serialize","line":131,"loc":{"start":{"line":131,"column":25},"end":{"line":131,"column":47}}}},"statementMap":{"1":{"start":{"line":25,"column":0},"end":{"line":143,"column":4}},"2":{"start":{"line":28,"column":4},"end":{"line":40,"column":5}},"3":{"start":{"line":30,"column":8},"end":{"line":30,"column":49}},"4":{"start":{"line":31,"column":11},"end":{"line":40,"column":5}},"5":{"start":{"line":36,"column":8},"end":{"line":36,"column":74}},"6":{"start":{"line":39,"column":8},"end":{"line":39,"column":54}},"7":{"start":{"line":44,"column":4},"end":{"line":44,"column":27}},"8":{"start":{"line":46,"column":4},"end":{"line":59,"column":6}},"9":{"start":{"line":48,"column":12},"end":{"line":50,"column":14}},"10":{"start":{"line":51,"column":12},"end":{"line":51,"column":42}},"11":{"start":{"line":54,"column":12},"end":{"line":56,"column":14}},"12":{"start":{"line":57,"column":12},"end":{"line":57,"column":80}},"13":{"start":{"line":61,"column":4},"end":{"line":139,"column":6}},"14":{"start":{"line":67,"column":16},"end":{"line":67,"column":57}},"15":{"start":{"line":70,"column":16},"end":{"line":70,"column":49}},"16":{"start":{"line":73,"column":16},"end":{"line":73,"column":46}},"17":{"start":{"line":76,"column":16},"end":{"line":76,"column":47}},"18":{"start":{"line":87,"column":16},"end":{"line":90,"column":17}},"19":{"start":{"line":88,"column":20},"end":{"line":88,"column":38}},"20":{"start":{"line":89,"column":20},"end":{"line":89,"column":39}},"21":{"start":{"line":91,"column":16},"end":{"line":93,"column":19}},"22":{"start":{"line":92,"column":20},"end":{"line":92,"column":50}},"23":{"start":{"line":109,"column":16},"end":{"line":109,"column":77}},"24":{"start":{"line":125,"column":16},"end":{"line":125,"column":40}},"25":{"start":{"line":132,"column":16},"end":{"line":132,"column":40}},"26":{"start":{"line":133,"column":16},"end":{"line":135,"column":17}},"27":{"start":{"line":134,"column":20},"end":{"line":134,"column":81}},"28":{"start":{"line":136,"column":16},"end":{"line":136,"column":27}},"29":{"start":{"line":142,"column":4},"end":{"line":142,"column":22}}},"branchMap":{"1":{"line":28,"type":"if","locations":[{"start":{"line":28,"column":4},"end":{"line":28,"column":4}},{"start":{"line":28,"column":4},"end":{"line":28,"column":4}}]},"2":{"line":28,"type":"binary-expr","locations":[{"start":{"line":28,"column":8},"end":{"line":28,"column":36}},{"start":{"line":28,"column":40},"end":{"line":28,"column":50}}]},"3":{"line":31,"type":"if","locations":[{"start":{"line":31,"column":11},"end":{"line":31,"column":11}},{"start":{"line":31,"column":11},"end":{"line":31,"column":11}}]},"4":{"line":87,"type":"if","locations":[{"start":{"line":87,"column":16},"end":{"line":87,"column":16}},{"start":{"line":87,"column":16},"end":{"line":87,"column":16}}]},"5":{"line":133,"type":"if","locations":[{"start":{"line":133,"column":16},"end":{"line":133,"column":16}},{"start":{"line":133,"column":16},"end":{"line":133,"column":16}}]}}}}