{"src/chinchilla.js":{"path":"src/chinchilla.js","s":{"1":1,"2":1,"3":1,"4":0,"5":0,"6":0,"7":1,"8":1,"9":31,"10":31,"11":12,"12":12,"13":1,"14":18,"15":16,"16":2,"17":10,"18":19,"19":18,"20":14,"21":14,"22":18,"23":42,"24":2,"25":49,"26":49,"27":10,"28":39,"29":49,"30":19,"31":19,"32":1},"b":{"1":[1,0],"2":[1,1],"3":[0,0],"4":[14,4],"5":[10,39],"6":[9,10]},"f":{"1":1,"2":1,"3":31,"4":12,"5":18,"6":16,"7":2,"8":10,"9":19,"10":18,"11":42,"12":2,"13":49,"14":39,"15":19},"fnMap":{"1":{"name":"(anonymous_1)","line":25,"loc":{"start":{"line":25,"column":1},"end":{"line":25,"column":26}}},"2":{"name":"(anonymous_2)","line":35,"loc":{"start":{"line":35,"column":8},"end":{"line":35,"column":28}}},"3":{"name":"(anonymous_3)","line":41,"loc":{"start":{"line":41,"column":13},"end":{"line":41,"column":24}}},"4":{"name":"(anonymous_4)","line":47,"loc":{"start":{"line":47,"column":14},"end":{"line":47,"column":29}}},"5":{"name":"(anonymous_5)","line":60,"loc":{"start":{"line":60,"column":19},"end":{"line":60,"column":46}}},"6":{"name":"(anonymous_6)","line":63,"loc":{"start":{"line":63,"column":20},"end":{"line":63,"column":36}}},"7":{"name":"(anonymous_7)","line":66,"loc":{"start":{"line":66,"column":22},"end":{"line":66,"column":38}}},"8":{"name":"(anonymous_8)","line":69,"loc":{"start":{"line":69,"column":25},"end":{"line":69,"column":36}}},"9":{"name":"(anonymous_9)","line":72,"loc":{"start":{"line":72,"column":19},"end":{"line":72,"column":38}}},"10":{"name":"(anonymous_10)","line":83,"loc":{"start":{"line":83,"column":19},"end":{"line":83,"column":46}}},"11":{"name":"(anonymous_11)","line":88,"loc":{"start":{"line":88,"column":47},"end":{"line":88,"column":59}}},"12":{"name":"(anonymous_12)","line":105,"loc":{"start":{"line":105,"column":22},"end":{"line":105,"column":38}}},"13":{"name":"serialize","line":112,"loc":{"start":{"line":112,"column":25},"end":{"line":112,"column":47}}},"14":{"name":"(anonymous_14)","line":115,"loc":{"start":{"line":115,"column":62},"end":{"line":115,"column":74}}},"15":{"name":"(anonymous_15)","line":133,"loc":{"start":{"line":133,"column":19},"end":{"line":133,"column":36}}}},"statementMap":{"1":{"start":{"line":25,"column":0},"end":{"line":142,"column":4}},"2":{"start":{"line":28,"column":4},"end":{"line":34,"column":5}},"3":{"start":{"line":29,"column":8},"end":{"line":29,"column":49}},"4":{"start":{"line":30,"column":11},"end":{"line":34,"column":5}},"5":{"start":{"line":31,"column":8},"end":{"line":31,"column":74}},"6":{"start":{"line":33,"column":8},"end":{"line":33,"column":54}},"7":{"start":{"line":38,"column":4},"end":{"line":38,"column":27}},"8":{"start":{"line":40,"column":4},"end":{"line":53,"column":6}},"9":{"start":{"line":42,"column":12},"end":{"line":44,"column":14}},"10":{"start":{"line":45,"column":12},"end":{"line":45,"column":82}},"11":{"start":{"line":48,"column":12},"end":{"line":50,"column":14}},"12":{"start":{"line":51,"column":12},"end":{"line":51,"column":80}},"13":{"start":{"line":55,"column":4},"end":{"line":138,"column":6}},"14":{"start":{"line":61,"column":16},"end":{"line":61,"column":57}},"15":{"start":{"line":64,"column":16},"end":{"line":64,"column":47}},"16":{"start":{"line":67,"column":16},"end":{"line":67,"column":49}},"17":{"start":{"line":70,"column":16},"end":{"line":70,"column":47}},"18":{"start":{"line":73,"column":16},"end":{"line":73,"column":49}},"19":{"start":{"line":84,"column":16},"end":{"line":87,"column":17}},"20":{"start":{"line":85,"column":20},"end":{"line":85,"column":38}},"21":{"start":{"line":86,"column":20},"end":{"line":86,"column":39}},"22":{"start":{"line":88,"column":16},"end":{"line":90,"column":19}},"23":{"start":{"line":89,"column":20},"end":{"line":89,"column":57}},"24":{"start":{"line":106,"column":16},"end":{"line":106,"column":77}},"25":{"start":{"line":113,"column":16},"end":{"line":113,"column":40}},"26":{"start":{"line":114,"column":16},"end":{"line":118,"column":17}},"27":{"start":{"line":115,"column":20},"end":{"line":117,"column":31}},"28":{"start":{"line":116,"column":24},"end":{"line":116,"column":49}},"29":{"start":{"line":119,"column":16},"end":{"line":119,"column":27}},"30":{"start":{"line":134,"column":16},"end":{"line":134,"column":59}},"31":{"start":{"line":135,"column":16},"end":{"line":135,"column":52}},"32":{"start":{"line":141,"column":4},"end":{"line":141,"column":22}}},"branchMap":{"1":{"line":28,"type":"if","locations":[{"start":{"line":28,"column":4},"end":{"line":28,"column":4}},{"start":{"line":28,"column":4},"end":{"line":28,"column":4}}]},"2":{"line":28,"type":"binary-expr","locations":[{"start":{"line":28,"column":8},"end":{"line":28,"column":36}},{"start":{"line":28,"column":40},"end":{"line":28,"column":50}}]},"3":{"line":30,"type":"if","locations":[{"start":{"line":30,"column":11},"end":{"line":30,"column":11}},{"start":{"line":30,"column":11},"end":{"line":30,"column":11}}]},"4":{"line":84,"type":"if","locations":[{"start":{"line":84,"column":16},"end":{"line":84,"column":16}},{"start":{"line":84,"column":16},"end":{"line":84,"column":16}}]},"5":{"line":114,"type":"if","locations":[{"start":{"line":114,"column":16},"end":{"line":114,"column":16}},{"start":{"line":114,"column":16},"end":{"line":114,"column":16}}]},"6":{"line":134,"type":"cond-expr","locations":[{"start":{"line":134,"column":43},"end":{"line":134,"column":48}},{"start":{"line":134,"column":51},"end":{"line":134,"column":58}}]}}}}